2025-08-20 10:41:00,169 INFO [main] c.x.j.e.XxlJobExecutorApplication [StartupInfoLogger.java : 53] Starting XxlJobExecutorApplication using Java 21 with PID 5903 (/Users/action/code/study_java/java_atguigu_driver/xxl-job-master/xxl-job-executor-samples/xxl-job-executor-sample-springboot/target/classes started by action in /Users/action/code/study_java/java_atguigu_driver/xxl-job-master)
2025-08-20 10:41:00,171 INFO [main] c.x.j.e.XxlJobExecutorApplication [SpringApplication.java : 652] No active profile set, falling back to 1 default profile: "default"
2025-08-20 10:41:01,582 INFO [main] o.s.b.w.e.tomcat.TomcatWebServer [TomcatWebServer.java : 111] Tomcat initialized with port 8081 (http)
2025-08-20 10:41:01,628 INFO [main] o.a.coyote.http11.Http11NioProtocol [DirectJDKLog.java : 168] Initializing ProtocolHandler ["http-nio-8081"]
2025-08-20 10:41:01,649 INFO [main] o.a.catalina.core.StandardService [DirectJDKLog.java : 168] Starting service [Tomcat]
2025-08-20 10:41:01,665 INFO [main] o.a.catalina.core.StandardEngine [DirectJDKLog.java : 168] Starting Servlet engine: [Apache Tomcat/10.1.42]
2025-08-20 10:41:01,765 INFO [main] o.a.c.c.C.[Tomcat].[localhost].[/] [DirectJDKLog.java : 168] Initializing Spring embedded WebApplicationContext
2025-08-20 10:41:01,766 INFO [main] o.s.b.w.s.c.ServletWebServerApplicationContext [ServletWebServerApplicationContext.java : 301] Root WebApplicationContext: initialization completed in 1336 ms
2025-08-20 10:41:01,871 INFO [main] c.x.j.e.core.config.XxlJobConfig [XxlJobConfig.java : 49] >>>>>>>>>>> xxl-job config init.
2025-08-20 10:41:02,341 INFO [main] c.x.job.core.executor.XxlJobExecutor [XxlJobExecutor.java : 187] >>>>>>>>>>> xxl-job register jobhandler success, name:shardingJobHandler, jobHandler:com.xxl.job.core.handler.impl.MethodJobHandler@491cafec[class com.xxl.job.executor.service.jobhandler.SampleXxlJob#shardingJobHandler]
2025-08-20 10:41:02,342 INFO [main] c.x.job.core.executor.XxlJobExecutor [XxlJobExecutor.java : 187] >>>>>>>>>>> xxl-job register jobhandler success, name:commandJobHandler, jobHandler:com.xxl.job.core.handler.impl.MethodJobHandler@7889b4b9[class com.xxl.job.executor.service.jobhandler.SampleXxlJob#commandJobHandler]
2025-08-20 10:41:02,343 INFO [main] c.x.job.core.executor.XxlJobExecutor [XxlJobExecutor.java : 187] >>>>>>>>>>> xxl-job register jobhandler success, name:demoJobHandler2, jobHandler:com.xxl.job.core.handler.impl.MethodJobHandler@1e545821[class com.xxl.job.executor.service.jobhandler.SampleXxlJob#demoJobHandler2]
2025-08-20 10:41:02,343 INFO [main] c.x.job.core.executor.XxlJobExecutor [XxlJobExecutor.java : 187] >>>>>>>>>>> xxl-job register jobhandler success, name:demoJobHandler, jobHandler:com.xxl.job.core.handler.impl.MethodJobHandler@12952aff[class com.xxl.job.executor.service.jobhandler.SampleXxlJob#demoJobHandler]
2025-08-20 10:41:02,343 INFO [main] c.x.job.core.executor.XxlJobExecutor [XxlJobExecutor.java : 187] >>>>>>>>>>> xxl-job register jobhandler success, name:httpJobHandler, jobHandler:com.xxl.job.core.handler.impl.MethodJobHandler@76a7fcbd[class com.xxl.job.executor.service.jobhandler.SampleXxlJob#httpJobHandler]
2025-08-20 10:41:02,414 INFO [main] o.a.coyote.http11.Http11NioProtocol [DirectJDKLog.java : 168] Starting ProtocolHandler ["http-nio-8081"]
2025-08-20 10:41:02,458 INFO [main] o.s.b.w.e.tomcat.TomcatWebServer [TomcatWebServer.java : 243] Tomcat started on port 8081 (http) with context path '/'
2025-08-20 10:41:02,475 INFO [main] c.x.j.e.XxlJobExecutorApplication [StartupInfoLogger.java : 59] Started XxlJobExecutorApplication in 2.83 seconds (process running for 4.483)
2025-08-20 10:41:02,694 INFO [Thread-4] com.xxl.job.core.server.EmbedServer [EmbedServer.java : 82] >>>>>>>>>>> xxl-job remoting server start success, nettype = class com.xxl.job.core.server.EmbedServer, port = 9999
2025-08-20 10:46:49,010 INFO [SpringApplicationShutdownHook] o.s.b.w.e.tomcat.GracefulShutdown [GracefulShutdown.java : 54] Commencing graceful shutdown. Waiting for active requests to complete
2025-08-20 10:46:49,020 INFO [tomcat-shutdown] o.s.b.w.e.tomcat.GracefulShutdown [GracefulShutdown.java : 76] Graceful shutdown complete
2025-08-20 10:46:49,031 INFO [Thread-4] com.xxl.job.core.server.EmbedServer [EmbedServer.java : 91] >>>>>>>>>>> xxl-job remoting server stop.
2025-08-20 10:46:49,036 INFO [xxl-job, executor ExecutorRegistryThread] c.x.j.c.t.ExecutorRegistryThread [ExecutorRegistryThread.java : 87] >>>>>>>>>>> xxl-job registry-remove success, registryParam:RegistryParam{registryGroup='EXECUTOR', registryKey='xxl-job-executor-sample', registryValue='http://192.168.31.154:9999/'}, registryResult:ReturnT [code=200, msg=null, content=null]
2025-08-20 10:46:49,041 INFO [xxl-job, executor ExecutorRegistryThread] c.x.j.c.t.ExecutorRegistryThread [ExecutorRegistryThread.java : 105] >>>>>>>>>>> xxl-job, executor registry thread destroy.
2025-08-20 10:46:49,042 INFO [SpringApplicationShutdownHook] com.xxl.job.core.server.EmbedServer [EmbedServer.java : 117] >>>>>>>>>>> xxl-job remoting server destroy success.
2025-08-20 10:46:49,043 INFO [xxl-job, executor JobLogFileCleanThread] c.x.j.c.thread.JobLogFileCleanThread [JobLogFileCleanThread.java : 99] >>>>>>>>>>> xxl-job, executor JobLogFileCleanThread thread destroy.
2025-08-20 10:46:49,043 INFO [xxl-job, executor TriggerCallbackThread] c.x.j.c.thread.TriggerCallbackThread [TriggerCallbackThread.java : 98] >>>>>>>>>>> xxl-job, executor callback thread destroy.
2025-08-20 10:46:49,043 INFO [Thread-3] c.x.j.c.thread.TriggerCallbackThread [TriggerCallbackThread.java : 128] >>>>>>>>>>> xxl-job, executor retry callback thread destroy.
2025-08-20 10:46:52,370 INFO [main] c.x.j.e.XxlJobExecutorApplication [StartupInfoLogger.java : 53] Starting XxlJobExecutorApplication using Java 21 with PID 6134 (/Users/action/code/study_java/java_atguigu_driver/xxl-job-master/xxl-job-executor-samples/xxl-job-executor-sample-springboot/target/classes started by action in /Users/action/code/study_java/java_atguigu_driver/xxl-job-master)
2025-08-20 10:46:52,372 INFO [main] c.x.j.e.XxlJobExecutorApplication [SpringApplication.java : 652] No active profile set, falling back to 1 default profile: "default"
2025-08-20 10:46:53,426 INFO [main] o.s.b.w.e.tomcat.TomcatWebServer [TomcatWebServer.java : 111] Tomcat initialized with port 8081 (http)
2025-08-20 10:46:53,454 INFO [main] o.a.coyote.http11.Http11NioProtocol [DirectJDKLog.java : 168] Initializing ProtocolHandler ["http-nio-8081"]
2025-08-20 10:46:53,457 INFO [main] o.a.catalina.core.StandardService [DirectJDKLog.java : 168] Starting service [Tomcat]
2025-08-20 10:46:53,458 INFO [main] o.a.catalina.core.StandardEngine [DirectJDKLog.java : 168] Starting Servlet engine: [Apache Tomcat/10.1.42]
2025-08-20 10:46:53,530 INFO [main] o.a.c.c.C.[Tomcat].[localhost].[/] [DirectJDKLog.java : 168] Initializing Spring embedded WebApplicationContext
2025-08-20 10:46:53,531 INFO [main] o.s.b.w.s.c.ServletWebServerApplicationContext [ServletWebServerApplicationContext.java : 301] Root WebApplicationContext: initialization completed in 948 ms
2025-08-20 10:46:53,628 INFO [main] c.x.j.e.core.config.XxlJobConfig [XxlJobConfig.java : 49] >>>>>>>>>>> xxl-job config init.
2025-08-20 10:46:53,951 INFO [main] c.x.job.core.executor.XxlJobExecutor [XxlJobExecutor.java : 187] >>>>>>>>>>> xxl-job register jobhandler success, name:shardingJobHandler, jobHandler:com.xxl.job.core.handler.impl.MethodJobHandler@7f5614f9[class com.xxl.job.executor.service.jobhandler.SampleXxlJob#shardingJobHandler]
2025-08-20 10:46:53,953 INFO [main] c.x.job.core.executor.XxlJobExecutor [XxlJobExecutor.java : 187] >>>>>>>>>>> xxl-job register jobhandler success, name:commandJobHandler, jobHandler:com.xxl.job.core.handler.impl.MethodJobHandler@5eb0a686[class com.xxl.job.executor.service.jobhandler.SampleXxlJob#commandJobHandler]
2025-08-20 10:46:53,953 INFO [main] c.x.job.core.executor.XxlJobExecutor [XxlJobExecutor.java : 187] >>>>>>>>>>> xxl-job register jobhandler success, name:demoJobHandler2, jobHandler:com.xxl.job.core.handler.impl.MethodJobHandler@73608eb0[class com.xxl.job.executor.service.jobhandler.SampleXxlJob#demoJobHandler2]
2025-08-20 10:46:53,953 INFO [main] c.x.job.core.executor.XxlJobExecutor [XxlJobExecutor.java : 187] >>>>>>>>>>> xxl-job register jobhandler success, name:demoJobHandler, jobHandler:com.xxl.job.core.handler.impl.MethodJobHandler@67f9cb52[class com.xxl.job.executor.service.jobhandler.SampleXxlJob#demoJobHandler]
2025-08-20 10:46:53,953 INFO [main] c.x.job.core.executor.XxlJobExecutor [XxlJobExecutor.java : 187] >>>>>>>>>>> xxl-job register jobhandler success, name:httpJobHandler, jobHandler:com.xxl.job.core.handler.impl.MethodJobHandler@2de9ca6[class com.xxl.job.executor.service.jobhandler.SampleXxlJob#httpJobHandler]
2025-08-20 10:46:54,001 INFO [main] o.a.coyote.http11.Http11NioProtocol [DirectJDKLog.java : 168] Starting ProtocolHandler ["http-nio-8081"]
2025-08-20 10:46:54,024 INFO [main] o.s.b.w.e.tomcat.TomcatWebServer [TomcatWebServer.java : 243] Tomcat started on port 8081 (http) with context path '/'
2025-08-20 10:46:54,032 INFO [main] c.x.j.e.XxlJobExecutorApplication [StartupInfoLogger.java : 59] Started XxlJobExecutorApplication in 1.977 seconds (process running for 2.765)
2025-08-20 10:46:54,160 INFO [Thread-4] com.xxl.job.core.server.EmbedServer [EmbedServer.java : 82] >>>>>>>>>>> xxl-job remoting server start success, nettype = class com.xxl.job.core.server.EmbedServer, port = 9999
2025-08-20 11:18:45,800 INFO [SpringApplicationShutdownHook] o.s.b.w.e.tomcat.GracefulShutdown [GracefulShutdown.java : 54] Commencing graceful shutdown. Waiting for active requests to complete
2025-08-20 11:18:45,837 INFO [tomcat-shutdown] o.s.b.w.e.tomcat.GracefulShutdown [GracefulShutdown.java : 76] Graceful shutdown complete
2025-08-20 11:18:45,862 INFO [Thread-4] com.xxl.job.core.server.EmbedServer [EmbedServer.java : 91] >>>>>>>>>>> xxl-job remoting server stop.
2025-08-20 11:18:45,867 INFO [xxl-job, executor ExecutorRegistryThread] c.x.j.c.t.ExecutorRegistryThread [ExecutorRegistryThread.java : 87] >>>>>>>>>>> xxl-job registry-remove success, registryParam:RegistryParam{registryGroup='EXECUTOR', registryKey='xxl-job-executor-sample', registryValue='http://192.168.31.154:9999/'}, registryResult:ReturnT [code=200, msg=null, content=null]
2025-08-20 11:18:45,881 INFO [xxl-job, executor ExecutorRegistryThread] c.x.j.c.t.ExecutorRegistryThread [ExecutorRegistryThread.java : 105] >>>>>>>>>>> xxl-job, executor registry thread destroy.
2025-08-20 11:18:45,882 INFO [SpringApplicationShutdownHook] com.xxl.job.core.server.EmbedServer [EmbedServer.java : 117] >>>>>>>>>>> xxl-job remoting server destroy success.
2025-08-20 11:18:45,885 INFO [xxl-job, executor JobLogFileCleanThread] c.x.j.c.thread.JobLogFileCleanThread [JobLogFileCleanThread.java : 99] >>>>>>>>>>> xxl-job, executor JobLogFileCleanThread thread destroy.
2025-08-20 11:18:45,886 INFO [xxl-job, executor TriggerCallbackThread] c.x.j.c.thread.TriggerCallbackThread [TriggerCallbackThread.java : 98] >>>>>>>>>>> xxl-job, executor callback thread destroy.
2025-08-20 11:18:45,887 INFO [Thread-3] c.x.j.c.thread.TriggerCallbackThread [TriggerCallbackThread.java : 128] >>>>>>>>>>> xxl-job, executor retry callback thread destroy.
2025-08-20 11:18:49,773 INFO [main] c.x.j.e.XxlJobExecutorApplication [StartupInfoLogger.java : 53] Starting XxlJobExecutorApplication using Java 21 with PID 7704 (/Users/action/code/study_java/java_atguigu_driver/xxl-job-master/xxl-job-executor-samples/xxl-job-executor-sample-springboot/target/classes started by action in /Users/action/code/study_java/java_atguigu_driver/xxl-job-master)
2025-08-20 11:18:49,775 INFO [main] c.x.j.e.XxlJobExecutorApplication [SpringApplication.java : 652] No active profile set, falling back to 1 default profile: "default"
2025-08-20 11:18:51,239 INFO [main] o.s.b.w.e.tomcat.TomcatWebServer [TomcatWebServer.java : 111] Tomcat initialized with port 8081 (http)
2025-08-20 11:18:51,253 INFO [main] o.a.coyote.http11.Http11NioProtocol [DirectJDKLog.java : 168] Initializing ProtocolHandler ["http-nio-8081"]
2025-08-20 11:18:51,255 INFO [main] o.a.catalina.core.StandardService [DirectJDKLog.java : 168] Starting service [Tomcat]
2025-08-20 11:18:51,255 INFO [main] o.a.catalina.core.StandardEngine [DirectJDKLog.java : 168] Starting Servlet engine: [Apache Tomcat/10.1.42]
2025-08-20 11:18:51,293 INFO [main] o.a.c.c.C.[Tomcat].[localhost].[/] [DirectJDKLog.java : 168] Initializing Spring embedded WebApplicationContext
2025-08-20 11:18:51,294 INFO [main] o.s.b.w.s.c.ServletWebServerApplicationContext [ServletWebServerApplicationContext.java : 301] Root WebApplicationContext: initialization completed in 1128 ms
2025-08-20 11:18:51,358 INFO [main] c.x.j.e.core.config.XxlJobConfig [XxlJobConfig.java : 49] >>>>>>>>>>> xxl-job config init.
2025-08-20 11:18:51,788 INFO [main] c.x.job.core.executor.XxlJobExecutor [XxlJobExecutor.java : 187] >>>>>>>>>>> xxl-job register jobhandler success, name:demoJobHandler, jobHandler:com.xxl.job.core.handler.impl.MethodJobHandler@110e9982[class com.xxl.job.executor.service.jobhandler.SampleXxlJob#demoJobHandler]
2025-08-20 11:18:51,789 INFO [main] c.x.job.core.executor.XxlJobExecutor [XxlJobExecutor.java : 187] >>>>>>>>>>> xxl-job register jobhandler success, name:httpJobHandler, jobHandler:com.xxl.job.core.handler.impl.MethodJobHandler@2de9ca6[class com.xxl.job.executor.service.jobhandler.SampleXxlJob#httpJobHandler]
2025-08-20 11:18:51,790 INFO [main] c.x.job.core.executor.XxlJobExecutor [XxlJobExecutor.java : 187] >>>>>>>>>>> xxl-job register jobhandler success, name:shardingJobHandler, jobHandler:com.xxl.job.core.handler.impl.MethodJobHandler@59018eed[class com.xxl.job.executor.service.jobhandler.SampleXxlJob#shardingJobHandler]
2025-08-20 11:18:51,790 INFO [main] c.x.job.core.executor.XxlJobExecutor [XxlJobExecutor.java : 187] >>>>>>>>>>> xxl-job register jobhandler success, name:commandJobHandler, jobHandler:com.xxl.job.core.handler.impl.MethodJobHandler@2ee39e73[class com.xxl.job.executor.service.jobhandler.SampleXxlJob#commandJobHandler]
2025-08-20 11:18:51,790 INFO [main] c.x.job.core.executor.XxlJobExecutor [XxlJobExecutor.java : 187] >>>>>>>>>>> xxl-job register jobhandler success, name:demoJobHandler2, jobHandler:com.xxl.job.core.handler.impl.MethodJobHandler@76973a6[class com.xxl.job.executor.service.jobhandler.SampleXxlJob#demoJobHandler2]
2025-08-20 11:18:51,864 INFO [main] o.a.coyote.http11.Http11NioProtocol [DirectJDKLog.java : 168] Starting ProtocolHandler ["http-nio-8081"]
2025-08-20 11:18:51,901 INFO [main] o.s.b.w.e.tomcat.TomcatWebServer [TomcatWebServer.java : 243] Tomcat started on port 8081 (http) with context path '/'
2025-08-20 11:18:51,925 INFO [main] c.x.j.e.XxlJobExecutorApplication [StartupInfoLogger.java : 59] Started XxlJobExecutorApplication in 2.467 seconds (process running for 3.416)
2025-08-20 11:18:52,106 INFO [Thread-4] com.xxl.job.core.server.EmbedServer [EmbedServer.java : 82] >>>>>>>>>>> xxl-job remoting server start success, nettype = class com.xxl.job.core.server.EmbedServer, port = 9898
2025-08-20 11:19:12,807 INFO [xxl-job, EmbedServer bizThreadPool-1948142613] c.x.job.core.executor.XxlJobExecutor [XxlJobExecutor.java : 250] >>>>>>>>>>> xxl-job regist JobThread success, jobId:1, handler:com.xxl.job.core.handler.impl.MethodJobHandler@110e9982[class com.xxl.job.executor.service.jobhandler.SampleXxlJob#demoJobHandler]
2025-08-20 11:20:55,959 INFO [xxl-job, JobThread-1-1755659952805] com.xxl.job.core.thread.JobThread [JobThread.java : 250] >>>>>>>>>>> xxl-job JobThread stoped, hashCode:Thread[#76,xxl-job, JobThread-1-1755659952805,10,main]
2025-08-20 14:17:58,390 INFO [SpringApplicationShutdownHook] o.s.b.w.e.tomcat.GracefulShutdown [GracefulShutdown.java : 54] Commencing graceful shutdown. Waiting for active requests to complete
2025-08-20 14:17:58,508 INFO [tomcat-shutdown] o.s.b.w.e.tomcat.GracefulShutdown [GracefulShutdown.java : 76] Graceful shutdown complete
2025-08-20 14:17:58,609 INFO [Thread-4] com.xxl.job.core.server.EmbedServer [EmbedServer.java : 91] >>>>>>>>>>> xxl-job remoting server stop.
2025-08-20 14:17:58,613 INFO [xxl-job, executor ExecutorRegistryThread] c.x.j.c.t.ExecutorRegistryThread [ExecutorRegistryThread.java : 87] >>>>>>>>>>> xxl-job registry-remove success, registryParam:RegistryParam{registryGroup='EXECUTOR', registryKey='xxl-job-executor-sample', registryValue='http://192.168.31.154:9898/'}, registryResult:ReturnT [code=200, msg=null, content=null]
2025-08-20 14:17:58,716 INFO [xxl-job, executor ExecutorRegistryThread] c.x.j.c.t.ExecutorRegistryThread [ExecutorRegistryThread.java : 105] >>>>>>>>>>> xxl-job, executor registry thread destroy.
2025-08-20 14:17:58,720 INFO [SpringApplicationShutdownHook] com.xxl.job.core.server.EmbedServer [EmbedServer.java : 117] >>>>>>>>>>> xxl-job remoting server destroy success.
2025-08-20 14:17:58,725 INFO [xxl-job, executor JobLogFileCleanThread] c.x.j.c.thread.JobLogFileCleanThread [JobLogFileCleanThread.java : 99] >>>>>>>>>>> xxl-job, executor JobLogFileCleanThread thread destroy.
2025-08-20 14:17:58,726 INFO [xxl-job, executor TriggerCallbackThread] c.x.j.c.thread.TriggerCallbackThread [TriggerCallbackThread.java : 98] >>>>>>>>>>> xxl-job, executor callback thread destroy.
2025-08-20 14:17:58,728 INFO [Thread-3] c.x.j.c.thread.TriggerCallbackThread [TriggerCallbackThread.java : 128] >>>>>>>>>>> xxl-job, executor retry callback thread destroy.
